============================= test session starts =============================
platform win32 -- Python 3.13.11, pytest-9.0.2, pluggy-1.6.0 -- Y:\code\vaultspec-a2a-worktrees\main\.venv\Scripts\python.exe
cachedir: .pytest_cache
rootdir: Y:\code\vaultspec-a2a-worktrees\main
configfile: pyproject.toml
plugins: anyio-4.12.1, langsmith-0.7.7, asyncio-1.3.0, timeout-2.4.0
asyncio: mode=Mode.STRICT, debug=False, asyncio_default_fixture_loop_scope=function, asyncio_default_test_loop_scope=function
timeout: 120.0s
timeout method: thread
timeout func_only: False
collecting ... collected 8 items

lib/providers/tests/test_factory.py::test_factory_openai_live 
-------------------------------- live log call --------------------------------
INFO     lib.providers.factory:factory.py:56 Instantiating ProviderFactory for provider=openai, resolved_model=gpt-5.3-codex
INFO     httpx:_client.py:1740 HTTP Request: POST https://api.openai.com/v1/responses "HTTP/1.1 200 OK"
PASSED                                                                   [ 12%]
lib/providers/tests/test_factory.py::test_factory_zhipu_live 
-------------------------------- live log call --------------------------------
INFO     lib.providers.factory:factory.py:56 Instantiating ProviderFactory for provider=zhipu, resolved_model=glm-5
INFO     httpx:_client.py:1740 HTTP Request: POST https://open.bigmodel.cn/api/paas/v4/chat/completions "HTTP/1.1 429 Too Many Requests"
INFO     openai._base_client:_base_client.py:1693 Retrying request to /chat/completions in 0.488092 seconds
INFO     httpx:_client.py:1740 HTTP Request: POST https://open.bigmodel.cn/api/paas/v4/chat/completions "HTTP/1.1 429 Too Many Requests"
INFO     openai._base_client:_base_client.py:1693 Retrying request to /chat/completions in 0.851166 seconds
INFO     httpx:_client.py:1740 HTTP Request: POST https://open.bigmodel.cn/api/paas/v4/chat/completions "HTTP/1.1 429 Too Many Requests"
FAILED                                                                   [ 25%]
lib/core/tests/test_graph.py::test_compile_team_graph 
-------------------------------- live log call --------------------------------
INFO     lib.providers.factory:factory.py:56 Instantiating ProviderFactory for provider=gemini, resolved_model=gemini-3-flash-preview
INFO     lib.providers.factory:factory.py:56 Instantiating ProviderFactory for provider=gemini, resolved_model=gemini-3-flash-preview
PASSED                                                                   [ 37%]
lib/core/tests/test_graph.py::test_graph_execution_routing 
-------------------------------- live log call --------------------------------
INFO     lib.providers.factory:factory.py:56 Instantiating ProviderFactory for provider=claude, resolved_model=claude-4.6-sonnet
INFO     lib.providers.factory:factory.py:56 Instantiating ProviderFactory for provider=claude, resolved_model=claude-4.6-sonnet
PASSED                                                                   [ 50%]
lib/providers/tests/test_acp_chat_model.py::test_acp_claude_streaming PASSED [ 62%]
lib/providers/tests/test_acp_chat_model.py::test_acp_gemini_streaming 